===>  Regression tests for libadlmidi-1.5.0.1
[0/1] cd /usr/ports/pobj/libadlmidi-1.5.0.1/build-amd64 && /usr/local/bin/ctest --force-new-ctest-process --exclude-regex "CMake.FileDownload|CTestTestUpload|RunCMake.ctest_submit"
Test project /usr/ports/pobj/libadlmidi-1.5.0.1/build-amd64
    Start 1: BankMapTest
1/3 Test #1: BankMapTest ......................   Passed    0.00 sec
    Start 2: ConversionTest
2/3 Test #2: ConversionTest ...................***Failed    0.00 sec
    Start 3: WoplFileTest
3/3 Test #3: WoplFileTest .....................***Failed    0.00 sec

33% tests passed, 2 tests failed out of 3

Total Test time (real) =   0.03 sec

The following tests FAILED:
	  2 - ConversionTest (Failed)
	  3 - WoplFileTest (Failed)
Errors while running CTest
Output from these tests are in: /usr/ports/pobj/libadlmidi-1.5.0.1/build-amd64/Testing/Temporary/LastTest.log
Use "--rerun-failed --output-on-failure" to re-run the failed cases verbosely.
FAILED: CMakeFiles/test.util 
cd /usr/ports/pobj/libadlmidi-1.5.0.1/build-amd64 && /usr/local/bin/ctest --force-new-ctest-process --exclude-regex "CMake.FileDownload|CTestTestUpload|RunCMake.ctest_submit"
ninja: build stopped: subcommand failed.
*** Error 1 in . (/usr/ports/devel/cmake/cmake.port.mk:46 'do-test': @cd /usr/ports/pobj/libadlmidi-1.5.0.1/build-amd64 && exec /usr/bin/env...)
